1521790221215	geckodriver	INFO	geckodriver 0.18.0
1521790222109	geckodriver	INFO	Listening on 127.0.0.1:42170
1521790224566	geckodriver::marionette	INFO	Starting browser C:\Program Files (x86)\Mozilla Firefox\firefox.exe with args ["-marionette"]
1521790234385	geckodriver::marionette	ERROR	Failed to kill browser process
1521790295302	geckodriver	INFO	geckodriver 0.18.0
1521790295313	geckodriver	INFO	Listening on 127.0.0.1:42301
1521790297583	geckodriver::marionette	INFO	Starting browser C:\Program Files (x86)\Mozilla Firefox\firefox.exe with args ["-marionette"]
1521790304120	geckodriver::marionette	ERROR	Failed to kill browser process
1521792496200	geckodriver	INFO	geckodriver 0.18.0
1521792496210	geckodriver	INFO	Listening on 127.0.0.1:44887
1521792498326	geckodriver::marionette	INFO	Starting browser C:\Program Files (x86)\Mozilla Firefox\firefox.exe with args ["-marionette"]
1521792524396	geckodriver::marionette	ERROR	Failed to kill browser process
1521795358775	geckodriver	INFO	geckodriver 0.18.0
1521795358786	geckodriver	INFO	Listening on 127.0.0.1:49398
1521795360865	geckodriver::marionette	INFO	Starting browser C:\Program Files (x86)\Mozilla Firefox\firefox.exe with args ["-marionette"]
1521795492865	geckodriver	INFO	geckodriver 0.18.0
1521795492876	geckodriver	INFO	Listening on 127.0.0.1:49673
1521795494982	geckodriver::marionette	INFO	Starting browser C:\Program Files (x86)\Mozilla Firefox\firefox.exe with args ["-marionette"]
Unable to read VR Path Registry from C:\Users\asus\AppData\Local\openvr\openvrpaths.vrpath
1521795496257	Marionette	INFO	Enabled via --marionette
Unable to read VR Path Registry from C:\Users\asus\AppData\Local\openvr\openvrpaths.vrpath
Unable to read VR Path Registry from C:\Users\asus\AppData\Local\openvr\openvrpaths.vrpath
Unable to read VR Path Registry from C:\Users\asus\AppData\Local\openvr\openvrpaths.vrpath
Unable to read VR Path Registry from C:\Users\asus\AppData\Local\openvr\openvrpaths.vrpath
1521795497776	Marionette	INFO	Listening on port 49682
1521795498098	Marionette	WARN	TLS certificate errors will be ignored for this session
[Parent 7164, Gecko_IOThread] WARNING: pipe error: 109: file z:/build/build/src/ipc/chromium/src/chrome/common/ipc_channel_win.cc, line 346
[Child 12340, Chrome_ChildThread] WARNING: pipe error: 109: file z:/build/build/src/ipc/chromium/src/chrome/common/ipc_channel_win.cc, line 346
[Child 12340, Chrome_ChildThread*** UTM:SVC TimerManager:registerTimer called after profile-before-change notification. Ignoring timer registration for id: telemetry_modules_ping

###!!! [Child][MessageChannel::SendAndWait] Error: Channel error: cannot send/recv

1521795532169	geckodriver	INFO	geckodriver 0.18.0
1521795532180	geckodriver	INFO	Listening on 127.0.0.1:49794
1521795534266	geckodriver::marionette	INFO	Starting browser C:\Program Files (x86)\Mozilla Firefox\firefox.exe with args ["-marionette"]
Unable to read VR Path Registry from C:\Users\asus\AppData\Local\openvr\openvrpaths.vrpath
1521795535094	Marionette	INFO	Enabled via --marionette
Unable to read VR Path Registry from C:\Users\asus\AppData\Local\openvr\openvrpaths.vrpath
Unable to read VR Path Registry from C:\Users\asus\AppData\Local\openvr\openvrpaths.vrpath
Unable to read VR Path Registry from C:\Users\asus\AppData\Local\openvr\openvrpaths.vrpath
1521795536600	Marionette	INFO	Listening on port 49805
Unable to read VR Path Registry from C:\Users\asus\AppData\Local\openvr\openvrpaths.vrpath
1521795537385	Marionette	WARN	TLS certificate errors will be ignored for this session

###!!! [Child][RunMessage] Error: Channel closing: too late to send/recv, messages will be lost

[Child 9760, Chrome_ChildThread] WARNING: pipe error: 109: file z:/build/build/src/ipc/chromium/src/chrome/common/ipc_channel_win.cc, line 346
[Child 8412, Chrome_ChildThread] WARNING: pipe error: 109: file z:/build/build/src/ipc/chromium/src/chrome/common/ipc_channel_win.cc, line 346
[Parent 2436, Gecko_IOThread] WARNING: pipe error: 109: file z:/build/build/src/ipc/chromium/src/chrome/common/ipc_channel_win.cc, line 346
[Child 10228, Chrome_ChildThread] WARNING: pipe error: 109: file z:/build/build/src/ipc/chromium/src/chrome/common/ipc_channel_win.cc, line 346
[Child 10228, Chrome*** UTM:SVC TimerManager:registerTimer called after profile-before-change notification. Ignoring timer registration for id: telemetry_modules_ping

###!!! [Child][MessageChannel::SendAndWait] Error: Channel error: cannot send/recv

1521795612745	geckodriver	INFO	geckodriver 0.18.0
1521795612756	geckodriver	INFO	Listening on 127.0.0.1:50039
1521795614825	geckodriver::marionette	INFO	Starting browser C:\Program Files (x86)\Mozilla Firefox\firefox.exe with args ["-marionette"]
Unable to read VR Path Registry from C:\Users\asus\AppData\Local\openvr\openvrpaths.vrpath
1521795615742	Marionette	INFO	Enabled via --marionette
Unable to read VR Path Registry from C:\Users\asus\AppData\Local\openvr\openvrpaths.vrpath
Unable to read VR Path Registry from C:\Users\asus\AppData\Local\openvr\openvrpaths.vrpath
Unable to read VR Path Registry from C:\Users\asus\AppData\Local\openvr\openvrpaths.vrpath
Unable to read VR Path Registry from C:\Users\asus\AppData\Local\openvr\openvrpaths.vrpath
1521795617077	Marionette	INFO	Listening on port 50052
1521795617950	Marionette	WARN	TLS certificate errors will be ignored for this session
[Parent 11508, Gecko_IOThread] WARNING: pipe error: 109: file z:/build/build/src/ipc/chromium/src/chrome/common/ipc_channel_win.cc, line 346
[Parent 11508, Gecko_IOThread] WARNING: pipe error: 109: file z:/build/build/src/ipc/chromium/src/chrome/common/ipc_channel_win.cc, line 346
[Child 10808, Chrome_ChildThread] WARNING: pipe error: 109: file z:/build/build/src/ipc/chromium/src/chrome/common/ipc_channel_win.cc, line 346
[Parent 11508, Gecko_IOThread] WARNING: pipe error: 109: file z:/build/build/src/ipc/chromium/src/chrome/common/ipc_channel_win.cc, line 346
*** UTM:SVC TimerManager:registerTimer called after profile-before-change notification. Ignoring timer registration for id: telemetry_modules_ping
[GPU 12868, Chrome_ChildThread
###!!! [Child][MessageChannel::SendAndWait] Error: Channel error: cannot send/recv

nette	WARN	TLS certificate errors will be ignored for this session
[Parent 7040, Gecko_IOThread] WARNING: pipe error: 109: file z:/build/build/src/ipc/chromium/src/chrome/common/ipc_channel_win.cc, line 346
[Child 1564, Chrome_ChildThread] WARNING: pipe error: 109: file z:/build/build/src/ipc/chromium/src/chrome/common/ipc_channel_win.cc, line 346
[Child 4064, Chrome_ChildThread] WARNING: pipe error: 109: file z:/build/build/src/ipc/chromium/src/chrome/common/ipc_channel_win.cc, line 346
[Child 4064, Chrome_ChildThrea*** UTM:SVC TimerManager:registerTimer called after profile-before-change notification. Ignoring timer registration for id: telemetry_modules_ping

###!!! [Child][MessageChannel::SendAndWait] Error: Channel error: cannot send/recv

1521796078866	geckodriver	INFO	geckodriver 0.18.0
1521796078876	geckodriver	INFO	Listening on 127.0.0.1:51165
1521796080938	geckodriver::marionette	INFO	Starting browser C:\Program Files (x86)\Mozilla Firefox\firefox.exe with args ["-marionette"]
Unable to read VR Path Registry from C:\Users\asus\AppData\Local\openvr\openvrpaths.vrpath
1521796081685	Marionette	INFO	Enabled via --marionette
Unable to read VR Path Registry from C:\Users\asus\AppData\Local\openvr\openvrpaths.vrpath
Unable to read VR Path Registry from C:\Users\asus\AppData\Local\openvr\openvrpaths.vrpath
Unable to read VR Path Registry from C:\Users\asus\AppData\Local\openvr\openvrpaths.vrpath
Unable to read VR Path Registry from C:\Users\asus\AppData\Local\openvr\openvrpaths.vrpath
1521796082986	Marionette	INFO	Listening on port 51177
1521796084056	Marionette	WARN	TLS certificate errors will be ignored for this session
[Parent 2376, Gecko_IOThread] WARNING: pipe error: 109: file z:/build/build/src/ipc/chromium/src/chrome/common/ipc_channel_win.cc, line 346
[Parent 2376, Gecko_IOThread] WARNING: pipe error: 109: file z:/build/build/src/ipc/chromium/src/chrome/common/ipc_channel_win.cc, line 346
[Child 10332, Chrome_ChildThread] WARNING: pipe error: 109: file z:/build/build/src/ipc/chromium/src/chrome/common/ipc_channel_win.cc, line 346
[Child 10332, Chrome_ChildThread] WARNING: pipe error: 109: file z:/build/build/src/ipc/chromium/src/chrome/common/ipc_channel_win.cc, line 346
[Child 6784, Chrome_ChildThread] WARNING: pipe error: 109: file z:/build/build/src/ipc/chromium/src/chrome/common/ipc_channel_win.cc, line 346
*** UTM:SVC TimerManager:registerTimer called after profile-before-change notification. Ignoring timer1521796126238	Marionette	WARN	TLS certificate errors will be ignored for this session
[Parent 14044, Gecko_IOThread] WARNING: pipe error: 109: file z:/build/build/src/ipc/chromium/src/chrome/common/ipc_channel_win.cc, line 346
[Parent 14044, Gecko_IOThread] WARNING: pipe error: 109: file z:/build/build/src/ipc/chromium/src/chrome/common/ipc_channel_win.cc, line 346
[Child 9928, Chrome_ChildThread] WARNING: pipe error: 109: file z:/build/build/src/ipc/chromium/src/chrome/common/ipc_channel_win.cc, line 346
[Child 9928, Chrome_ChildThread]*** UTM:SVC TimerManager:registerTimer called after profile-before-change notification. Ignoring timer registration for id: telemetry_modules_ping

###!!! [Child][MessageChannel::SendAndWait] Error: Channel error: cannot send/recv

r\openvrpaths.vrpath
1521796163396	Marionette	INFO	Listening on port 51481
Unable to read VR Path Registry from C:\Users\asus\AppData\Local\openvr\openvrpaths.vrpath
1521796164470	Marionette	WARN	TLS certificate errors will be ignored for this session
[Child 11016, Chrome_ChildThread] WARNING: pipe error: 109: file z:/build/build/src/ipc/chromium/src/chrome/common/ipc_channel_win.cc, line 346
[Parent 1380, Gecko_IOThread] WARNING: pipe error: 109: file z:/build/build/src/ipc/chromium/src/chrome/common/ipc_channel_win.cc, line 346
*** UTM:SVC TimerManager:registerTimer called after profile-before-change notification. Ignoring timer registUnable to read VR Path Registry from C:
###!!! [Child][MessageChannel::SendAndWait] Error: Unable to read VR Path Registry from C:\Users\asus\AppData\Local\openvr\openvrpaths.vrpath
Unable to read VR Path Registry from C:\Users\asus\AppData\Local\openvr\openvrpaths.vrpath
Unable to read VR Path Registry from C:\Users\asus\AppData\Local\openvr\openvrpaths.vrpath
1521796189502	Marionette	INFO	Listening on port 51603
1521796190339	Marionette	WARN	TLS certificate errors will be ignored for this session
[Parent 5460, Gecko_IOThread] WARNING: pipe error: 109: file z:/build/build/src/ipc/chromium/src/chrome/common/ipc_channel_win.cc, line 346
[Parent 5460, Gecko_IOThread] WARNING: pipe error: 109: file z:/build/build/src/ipc/chromium/src/chrome/common/ipc_channel_win.cc, line 346
[Child 6064, Chrome_ChildThread] WARNING: pipe error: 109: file z:/build/build/src/ipc/chromium/src/chrome/common/ipc_channel_win.cc, line 346
[Parent 5460, Gecko_IOThread] WARNING: pipe error: 109: file z:/build/build/src/ipc/chromium/src/chrome/common/ipc_channel_win.cc, line 346

###!!! [Child][MessageChannel::SendAndWait] Error: Channel error: cannot send/recv

vrpaths.vrpath
Unable to read VR Path Registry from C:\Users\asus\AppData\Local\openvr\openvrpaths.vrpath
1521796227323	Marionette	INFO	Listening on port 51749
1521796227398	Marionette	WARN	TLS certificate errors will be ignored for this session
[Parent 7052, Gecko_IOThread] WARNING: pipe error: 109: file z:/build/build/src/ipc/chromium/src/chrome/common/ipc_channel_win.cc, line 346
[Parent 7052, Gecko_IOThread] WARNING: pipe error: 109: file z:/build/build/src/ipc/chromium/src/chrome/common/ipc_channel_win.cc, line 346
[Child 9088, Chrome_ChildThread] WARNING: pipe error: 109: file z:/build/build/src/ipc/chromium/src/chrome/common/ipc_channel_win.cc, line 346
[Child 9088, Chrome_ChildThread] WARNING: pipe error: 109: file z:/build/build/src/ipc/chromium/src/chrome/common/ipc_channel_win.cc, line 346

###!!! [Child][MessageChannel::SendAndWait] Error: Channel error: cannot send/recv

1521797016084	geckodriver	INFO	geckodriver 0.18.0
1521797016096	geckodriver	INFO	Listening on 127.0.0.1:54257
1521797018188	geckodriver::marionette	INFO	Starting browser C:\Program Files (x86)\Mozilla Firefox\firefox.exe with args ["-marionette"]
Unable to read VR Path Registry from C:\Users\asus\AppData\Local\openvr\openvrpaths.vrpath
1521797019085	Marionette	INFO	Enabled via --marionette
Unable to read VR Path Registry from C:\Users\asus\AppData\Local\openvr\openvrpaths.vrpath
Unable to read VR Path Registry from C:\Users\asus\AppData\Local\openvr\openvrpaths.vrpath
Unable to read VR Path Registry from C:\Users\asus\AppData\Local\openvr\openvrpaths.vrpath
Unable to read VR Path Registry from C:\Users\asus\AppData\Local\openvr\openvrpaths.vrpath
1521797020474	Marionette	INFO	Listening on port 54266
1521797021311	Marionette	WARN	TLS certificate errors will be ignored for this session
[Child 1276, Chrome_ChildThread] WARNING: pipe error: 109: file z:/build/build/src/ipc/chromium/src/chrome/common/ipc_channel_win.cc, line 346
[Parent 7796, Gecko_IOThread] WARNING: pipe error: 109: file z:/build/build/src/ipc/chromium/src/chrome/common/ipc_channel_win.cc, line 346

###!!! [Child][MessageChannel::SendAndWait] Error: Channel error: cannot send/recv

led via --marionette
Unable to read VR Path Registry from C:\Users\asus\AppData\Local\openvr\openvrpaths.vrpath
Unable to read VR Path Registry from C:\Users\asus\AppData\Local\openvr\openvrpaths.vrpath
Unable to read VR Path Registry from C:\Users\asus\AppData\Local\openvr\openvrpaths.vrpath
Unable to read VR Path Registry from C:\Users\asus\AppData\Local\openvr\openvrpaths.vrpath
1521797056264	Marionette	INFO	Listening on port 54428
1521797057169	Marionette	WARN	TLS certificate errors will be ignored for this session
1521797185260	geckodriver	INFO	geckodriver 0.18.0
1521797185272	geckodriver	INFO	Listening on 127.0.0.1:54735
1521797187342	geckodriver::marionette	INFO	Starting browser C:\Program Files (x86)\Mozilla Firefox\firefox.exe with args ["-marionette"]
Unable to read VR Path Registry from C:\Users\asus\AppData\Local\openvr\openvrpaths.vrpath
1521797187903	Marionette	INFO	Enabled via --marionette
Unable to read VR Path Registry from C:\Users\asus\AppData\Local\openvr\openvrpaths.vrpath
Unable to read VR Path Registry from C:\Users\asus\AppData\Local\openvr\openvrpaths.vrpath
Unable to read VR Path Registry from C:\Users\asus\AppData\Local\openvr\openvrpaths.vrpath
Unable to read VR Path Registry from C:\Users\asus\AppData\Local\openvr\openvrpaths.vrpath
1521797189258	Marionette	INFO	Listening on port 54753
1521797189364	Marionette	WARN	TLS certificate errors will be ignored for this session
1521797211226	geckodriver	INFO	geckodriver 0.18.0
1521797211236	geckodriver	INFO	Listening on 127.0.0.1:54845
1521797213327	geckodriver::marionette	INFO	Starting browser C:\Program Files (x86)\Mozilla Firefox\firefox.exe with args ["-marionette"]
Unable to read VR Path Registry from C:\Users\asus\AppData\Local\openvr\openvrpaths.vrpath
1521797213993	Marionette	INFO	Enabled via --marionette
Unable to read VR Path Registry from C:\Users\asus\AppData\Local\openvr\openvrpaths.vrpath
Unable to read VR Path Registry from C:\Users\asus\AppData\Local\openvr\openvrpaths.vrpath
Unable to read VR Path Registry from C:\Users\asus\AppData\Local\openvr\openvrpaths.vrpath
Unable to read VR Path Registry from C:\Users\asus\AppData\Local\openvr\openvrpaths.vrpath
1521797215387	Marionette	INFO	Listening on port 54854
1521797216452	Marionette	WARN	TLS certificate errors will be ignored for this session
1521797305587	geckodriver	INFO	geckodriver 0.18.0
1521797305598	geckodriver	INFO	Listening on 127.0.0.1:55104
1521797307673	geckodriver::marionette	INFO	Starting browser C:\Program Files (x86)\Mozilla Firefox\firefox.exe with args ["-marionette"]
Unable to read VR Path Registry from C:\Users\asus\AppData\Local\openvr\openvrpaths.vrpath
1521797308236	Marionette	INFO	Enabled via --marionette
Unable to read VR Path Registry from C:\Users\asus\AppData\Local\openvr\openvrpaths.vrpath
Unable to read VR Path Registry from C:\Users\asus\AppData\Local\openvr\openvrpaths.vrpath
Unable to read VR Path Registry from C:\Users\asus\AppData\Local\openvr\openvrpaths.vrpath
Unable to read VR Path Registry from C:\Users\asus\AppData\Local\openvr\openvrpaths.vrpath
1521797309702	Marionette	INFO	Listening on port 55115
1521797310787	Marionette	WARN	TLS certificate errors will be ignored for this session
1521797585945	geckodriver	INFO	geckodriver 0.18.0
1521797585955	geckodriver	INFO	Listening on 127.0.0.1:55270
1521797588026	geckodriver::marionette	INFO	Starting browser C:\Program Files (x86)\Mozilla Firefox\firefox.exe with args ["-marionette"]
Unable to read VR Path Registry from C:\Users\asus\AppData\Local\openvr\openvrpaths.vrpath
1521797588566	Marionette	INFO	Enabled via --marionette
Unable to read VR Path Registry from C:\Users\asus\AppData\Local\openvr\openvrpaths.vrpath
Unable to read VR Path Registry from C:\Users\asus\AppData\Local\openvr\openvrpaths.vrpath
Unable to read VR Path Registry from C:\Users\asus\AppData\Local\openvr\openvrpaths.vrpath
Unable to read VR Path Registry from C:\Users\asus\AppData\Local\openvr\openvrpaths.vrpath
1521797589980	Marionette	INFO	Listening on port 55276
1521797590040	Marionette	WARN	TLS certificate errors will be ignored for this session
1521797601541	geckodriver	INFO	geckodriver 0.18.0
1521797601553	geckodriver	INFO	Listening on 127.0.0.1:55330
1521797603624	geckodriver::marionette	INFO	Starting browser C:\Program Files (x86)\Mozilla Firefox\firefox.exe with args ["-marionette"]
Unable to read VR Path Registry from C:\Users\asus\AppData\Local\openvr\openvrpaths.vrpath
1521797604180	Marionette	INFO	Enabled via --marionette
Unable to read VR Path Registry from C:\Users\asus\AppData\Local\openvr\openvrpaths.vrpath
Unable to read VR Path Registry from C:\Users\asus\AppData\Local\openvr\openvrpaths.vrpath
Unable to read VR Path Registry from C:\Users\asus\AppData\Local\openvr\openvrpaths.vrpath
Unable to read VR Path Registry from C:\Users\asus\AppData\Local\openvr\openvrpaths.vrpath
1521797605523	Marionette	INFO	Listening on port 55336
1521797605651	Marionette	WARN	TLS certificate errors will be ignored for this session
1521798362934	geckodriver	INFO	geckodriver 0.18.0
1521798362944	geckodriver	INFO	Listening on 127.0.0.1:56044
1521798365031	geckodriver::marionette	INFO	Starting browser C:\Program Files (x86)\Mozilla Firefox\firefox.exe with args ["-marionette"]
Unable to read VR Path Registry from C:\Users\asus\AppData\Local\openvr\openvrpaths.vrpath
1521798365639	Marionette	INFO	Enabled via --marionette
Unable to read VR Path Registry from C:\Users\asus\AppData\Local\openvr\openvrpaths.vrpath
Unable to read VR Path Registry from C:\Users\asus\AppData\Local\openvr\openvrpaths.vrpath
Unable to read VR Path Registry from C:\Users\asus\AppData\Local\openvr\openvrpaths.vrpath
1521798366907	Marionette	INFO	Listening on port 56052
1521798367054	Marionette	WARN	TLS certificate errors will be ignored for this session
Unable to read VR Path Registry from C:\Users\asus\AppData\Local\openvr\openvrpaths.vrpath
[Parent 13068, Gecko_IOThread] WARNING: pipe error: 109: file z:/build/build/src/ipc/chromium/src/chrome/common/ipc_channel_win.cc, line 346
[Child 11260, Chrome_ChildThread] WARNING: pipe error: 109: file z:/build/build/src/ipc/chromium/src/chrome/common/ipc_channel_win.cc, line 346
[Child 11260, Chrome_Child[Child 4204, Chrome_ChildThread] WARNING: pipe error: 109: file z:/build/[Parent 13068, Gecko_IOThread] WARNING: pipe error: 109: file z:/build/build/src/ipc/chromium/src/chrome/common/ipc_channel_win.cc, line 346
*** UTM:SVC TimerManager:registerTimer called after profile-before-change notification. Ignoring timer registration for id: telemetry_modules_ping

###!!! [Child][MessageChannel::SendAndWait] Error: Channel error: cannot send/recv

1521798391312	geckodriver	INFO	geckodriver 0.18.0
1521798391323	geckodriver	INFO	Listening on 127.0.0.1:56172
1521798393390	geckodriver::marionette	INFO	Starting browser C:\Program Files (x86)\Mozilla Firefox\firefox.exe with args ["-marionette"]
Unable to read VR Path Registry from C:\Users\asus\AppData\Local\openvr\openvrpaths.vrpath
1521798393954	Marionette	INFO	Enabled via --marionette
Unable to read VR Path Registry from C:\Users\asus\AppData\Local\openvr\openvrpaths.vrpath
Unable to read VR Path Registry from C:\Users\asus\AppData\Local\openvr\openvrpaths.vrpath
Unable to read VR Path Registry from C:\Users\asus\AppData\Local\openvr\openvrpaths.vrpath
Unable to read VR Path Registry from C:\Users\asus\AppData\Local\openvr\openvrpaths.vrpath
1521798395404	Marionette	INFO	Listening on port 56182
1521798396519	Marionette	WARN	TLS certificate errors will be ignored for this session
1521804283014	geckodriver	INFO	geckodriver 0.18.0
1521804283026	geckodriver	INFO	Listening on 127.0.0.1:3220
1521804296630	geckodriver	INFO	geckodriver 0.18.0
1521804296640	geckodriver	INFO	Listening on 127.0.0.1:3258
1521804298720	geckodriver::marionette	INFO	Starting browser C:\Program Files (x86)\Mozilla Firefox\firefox.exe with args ["-marionette"]
Unable to read VR Path Registry from C:\Users\asus\AppData\Local\openvr\openvrpaths.vrpath
1521804300038	Marionette	INFO	Enabled via --marionette
Unable to read VR Path Registry from C:\Users\asus\AppData\Local\openvr\openvrpaths.vrpath
Unable to read VR Path Registry from C:\Users\asus\AppData\Local\openvr\openvrpaths.vrpath
Unable to read VR Path Registry from C:\Users\asus\AppData\Local\openvr\openvrpaths.vrpath
1521804302159	Marionette	INFO	Listening on port 3266
1521804302337	Marionette	WARN	TLS certificate errors will be ignored for this session
Unable to read VR Path Registry from C:\Users\asus\AppData\Local\openvr\openvrpaths.vrpath
[Parent 14240, Gecko_IOThread] WARNING: pipe error: 109: file z:/build/build/src/ipc/chromium/src/chrome/common/ipc_channel_win.cc, line 346
[Parent 14240, Gecko_IOThread] WARNING: pipe error: 109: file z:/build/build/src/ipc/chromium/src/chrome/common/ipc_channel_win.cc, line 346
[Child 10508, Chrome_ChildThread] WARNING: pipe error: 109: file z:/build/build/src/ipc/chromium/src/chrome/common/ipc_channel_win.cc, line 346
[Child 9924, Chrome_ChildThread] WARNING: pipe error: 109: file z:/build/build/src/ipc/chromium/src/chrome/common/ipc_channel_win.cc, line 346
[Parent 14240, Gecko_IOThread] WARNING: pipe error: 109: file z:/build/build/src/ipc/chromium/src/chrome/common/ipc_channel_win.cc, line 346
[Child 11496, Chrome_ChildThread] WARNING: pipe error: 109: file z:/build/build/src/ipc/chromium/src/chrome/common/ipc_channel_win.cc, line 346
*** UTM:SVC TimerManager:registerTimer called after profile-before-change notification. Ignoring timer registration for id: telemetry_modules_ping

###!!! [Child][MessageChannel::SendAndWait] Error: Channel error: cannot send/recv

1521804327132	geckodriver	INFO	geckodriver 0.18.0
1521804327142	geckodriver	INFO	Listening on 127.0.0.1:3392
1521804329206	geckodriver::marionette	INFO	Starting browser C:\Program Files (x86)\Mozilla Firefox\firefox.exe with args ["-marionette"]
Unable to read VR Path Registry from C:\Users\asus\AppData\Local\openvr\openvrpaths.vrpath
1521804330253	Marionette	INFO	Enabled via --marionette
Unable to read VR Path Registry from C:\Users\asus\AppData\Local\openvr\openvrpaths.vrpath
Unable to read VR Path Registry from C:\Users\asus\AppData\Local\openvr\openvrpaths.vrpath
Unable to read VR Path Registry from C:\Users\asus\AppData\Local\openvr\openvrpaths.vrpath
1521804331662	Marionette	INFO	Listening on port 3400
Unable to read VR Path Registry from C:\Users\asus\AppData\Local\openvr\openvrpaths.vrpath
1521804332324	Marionette	WARN	TLS certificate errors will be ignored for this session
1521804396530	geckodriver	INFO	geckodriver 0.18.0
1521804396541	geckodriver	INFO	Listening on 127.0.0.1:3609
1521804398624	geckodriver::marionette	INFO	Starting browser C:\Program Files (x86)\Mozilla Firefox\firefox.exe with args ["-marionette"]
Unable to read VR Path Registry from C:\Users\asus\AppData\Local\openvr\openvrpaths.vrpath
1521804399191	Marionette	INFO	Enabled via --marionette
Unable to read VR Path Registry from C:\Users\asus\AppData\Local\openvr\openvrpaths.vrpath
Unable to read VR Path Registry from C:\Users\asus\AppData\Local\openvr\openvrpaths.vrpath
Unable to read VR Path Registry from C:\Users\asus\AppData\Local\openvr\openvrpaths.vrpath
Unable to read VR Path Registry from C:\Users\asus\AppData\Local\openvr\openvrpaths.vrpath
1521804400456	Marionette	INFO	Listening on port 3618
1521804400653	Marionette	WARN	TLS certificate errors will be ignored for this session
1521804420904	geckodriver	INFO	geckodriver 0.18.0
1521804420915	geckodriver	INFO	Listening on 127.0.0.1:3723
1521804422994	geckodriver::marionette	INFO	Starting browser C:\Program Files (x86)\Mozilla Firefox\firefox.exe with args ["-marionette"]
Unable to read VR Path Registry from C:\Users\asus\AppData\Local\openvr\openvrpaths.vrpath
1521804423709	Marionette	INFO	Enabled via --marionette
Unable to read VR Path Registry from C:\Users\asus\AppData\Local\openvr\openvrpaths.vrpath
Unable to read VR Path Registry from C:\Users\asus\AppData\Local\openvr\openvrpaths.vrpath
Unable to read VR Path Registry from C:\Users\asus\AppData\Local\openvr\openvrpaths.vrpath
Unable to read VR Path Registry from C:\Users\asus\AppData\Local\openvr\openvrpaths.vrpath
1521804425373	Marionette	INFO	Listening on port 3732
1521804426113	Marionette	WARN	TLS certificate errors will be ignored for this session
1521804587878	geckodriver	INFO	geckodriver 0.18.0
1521804587890	geckodriver	INFO	Listening on 127.0.0.1:4294
1521804589966	geckodriver::marionette	INFO	Starting browser C:\Program Files (x86)\Mozilla Firefox\firefox.exe with args ["-marionette"]
Unable to read VR Path Registry from C:\Users\asus\AppData\Local\openvr\openvrpaths.vrpath
1521804590652	Marionette	INFO	Enabled via --marionette
Unable to read VR Path Registry from C:\Users\asus\AppData\Local\openvr\openvrpaths.vrpath
Unable to read VR Path Registry from C:\Users\asus\AppData\Local\openvr\openvrpaths.vrpath
Unable to read VR Path Registry from C:\Users\asus\AppData\Local\openvr\openvrpaths.vrpath
1521804591956	Marionette	INFO	Listening on port 4305
1521804591981	Marionette	WARN	TLS certificate errors will be ignored for this session
Unable to read VR Path Registry from C:\Users\asus\AppData\Local\openvr\openvrpaths.vrpath
[Parent 12788, Gecko_IOThread] WARNING: pipe error: 109: file z:/build/build/src/ipc/chromium/src/chrome/common/ipc_channel_win.cc, line 346
[Parent 12788, Gecko_IOThread] WARNING: pipe error: 109: file z:/build/build/src/ipc/chromium/src/chrome/common/ipc_channel_win.cc, line 346
[Child 12292, Chrome_ChildThread] WARNING: pipe error: 109: file z:/build/build/src/ipc/chromium/src/chrome/common/ipc_channel_win.cc, line 346
[Child 12292, Chro[Child 12688, Chrome_ChildThread] WARNING: pipe error: 109: file z:/build/build/src/ipc/chromium/src/chrome/common/ipc_channel_win.cc, line 346
[Child 12688, Chrome_ChildT
###!!! [Child][MessageChannel::SendAndWait] Error: Channel error: cannot send/recv

is session
Unable to read VR Path Registry from C:\Users\asus\AppData\Local\openvr\openvrpaths.vrpath
Unable to read VR Path Registry from C:\Users\asus\AppData\Local\openvr\openvrpaths.vrpath
1521805075791	geckodriver	INFO	geckodriver 0.18.0
1521805075802	geckodriver	INFO	Listening on 127.0.0.1:5363
1521805077873	geckodriver::marionette	INFO	Starting browser C:\Program Files (x86)\Mozilla Firefox\firefox.exe with args ["-marionette"]
Unable to read VR Path Registry from C:\Users\asus\AppData\Local\openvr\openvrpaths.vrpath
1521805078627	Marionette	INFO	Enabled via --marionette
Unable to read VR Path Registry from C:\Users\asus\AppData\Local\openvr\openvrpaths.vrpath
Unable to read VR Path Registry from C:\Users\asus\AppData\Local\openvr\openvrpaths.vrpath
Unable to read VR Path Registry from C:\Users\asus\AppData\Local\openvr\openvrpaths.vrpath
Unable to read VR Path Registry from C:\Users\asus\AppData\Local\openvr\openvrpaths.vrpath
1521805079989	Marionette	INFO	Listening on port 5371
1521805080991	Marionette	WARN	TLS certificate errors will be ignored for this session
[Parent 200, Gecko_IOThread] WARNING: pipe error: 109: file z:/build/build/src/ipc/chromium/src/chrome/common/ipc_channel_win.cc, line 346
[Parent 200, Gecko_IOThread] WARNING: pipe error: 109: file z:/build/build/src/ipc/chromium/src/chrome/common/ipc_channel_win.cc, line 346
[Child 3004, Chrome_ChildThread] WARNING: pipe error: 109: file z:/build/build/src/ipc/chromium/src/chrome/common/ipc_channel_win.cc, line 346
[Child 3004, Chrome_ChildThread]
###!!! [Child][MessageChannel::SendAndWait] Error: Channel error: cannot send/recv

\Local\openvr\openvrpaths.vrpath
Unable to read VR Path Registry from C:\Users\asus\AppData\Local\openvr\openvrpaths.vrpath
Unable to read VR Path Registry from C:\Users\asus\AppData\Local\openvr\openvrpaths.vrpath
1521805139845	Marionette	INFO	Listening on port 5548
1521805140920	Marionette	WARN	TLS certificate errors will be ignored for this session
[Parent 8824, Gecko_IOThread] WARNING: pipe error: 109: file z:/build/build/src/ipc/chromium/src/chrome/common/ipc_channel_win.cc, line 346
[Parent 8824, Gecko_IOThread] WARNING: pipe error: 109: file z:/build/build/src/ipc/chromium/src/chrome/common/ipc_channel_win.cc, line 346
[Child 6912, Chrome_ChildThread] WARNING: pipe error: 109: file z:/build/build/src/ipc/chromium/src/chrome/common/ipc_channel_win.cc, line 346
[Child 9080, Chrome_ChildThread] WARNING: pipe error: 109: file z:/build/build/src/ipc/chromium/src/chrome/common/ipc_channel_win.cc, line 346
*** UTM:SVC TimerManager:registerTimer called after profile-before-change notification. Ignoring timer registration for id: telemetry_modules_ping
[GPU 8364, Chrome_ChildThread] WARNING: pipe error: 109: file z:/build/build/src/ipc/chromium/src/chrome/common/ipc_channel_win.cc, line 346

###!!! [Child][MessageChannel::SendAndWait] Error: Channel error: cannot send/recv

1521805185435	geckodriver	INFO	geckodriver 0.18.0
1521805185446	geckodriver	INFO	Listening on 127.0.0.1:5695
1521805187518	geckodriver::marionette	INFO	Starting browser C:\Program Files (x86)\Mozilla Firefox\firefox.exe with args ["-marionette"]
Unable to read VR Path Registry from C:\Users\asus\AppData\Local\openvr\openvrpaths.vrpath
1521805188265	Marionette	INFO	Enabled via --marionette
Unable to read VR Path Registry from C:\Users\asus\AppData\Local\openvr\openvrpaths.vrpath
Unable to read VR Path Registry from C:\Users\asus\AppData\Local\openvr\openvrpaths.vrpath
Unable to read VR Path Registry from C:\Users\asus\AppData\Local\openvr\openvrpaths.vrpath
IPDL protocol error: Handler returned error code!

###!!! [Parent][DispatchAsyncMessage] Error: PLayerTransaction::Msg_ReleaseLayer Processing error: message was deserialized, but the handler returned false (indicating failure)

IPDL protocol error: Handler returned error code!

###!!! [Parent][DispatchAsyncMessage] Error: PLayerTransaction::Msg_ReleaseLayer Processing error: message was deserialized, but the handler returned false (indicating failure)

Unable to read VR Path Registry from C:\Users\asus\AppData\Local\openvr\openvrpaths.vrpath
1521805189633	Marionette	INFO	Listening on port 5706
1521805190644	Marionette	WARN	TLS certificate errors will be ignored for this session
1521805303867	geckodriver	INFO	geckodriver 0.18.0
1521805303876	geckodriver	INFO	Listening on 127.0.0.1:6253
1521805305958	geckodriver::marionette	INFO	Starting browser C:\Program Files (x86)\Mozilla Firefox\firefox.exe with args ["-marionette"]
Unable to read VR Path Registry from C:\Users\asus\AppData\Local\openvr\openvrpaths.vrpath
1521805306724	Marionette	INFO	Enabled via --marionette
Unable to read VR Path Registry from C:\Users\asus\AppData\Local\openvr\openvrpaths.vrpath
Unable to read VR Path Registry from C:\Users\asus\AppData\Local\openvr\openvrpaths.vrpath
Unable to read VR Path Registry from C:\Users\asus\AppData\Local\openvr\openvrpaths.vrpath
1521805308060	Marionette	INFO	Listening on port 6262
1521805309070	Marionette	WARN	TLS certificate errors will be ignored for this session
Unable to read VR Path Registry from C:\Users\asus\AppData\Local\openvr\openvrpaths.vrpath
[Child 4464, Chrome_ChildThread] WARNING: pipe error: 109: file z:/build/build/src/ipc/chromium/src/chrome/common/ipc_channel_win.cc, line 346
[Child 4464, Chrome_ChildThre[Parent 14332, Gecko_IOThread] WARNING: pipe error: 109: file z:/build/build/src/ipc/chromium/src/chrome/common/ipc_channel_win.cc, line 346

###!!! [Child][MessageChannel::SendAndWait] Error: Channel error: cannot send/recv

 read VR Path Registry from C:\Users\asus\AppData\Local\openvr\openvrpaths.vrpath
Unable to read VR Path Registry from C:\Users\asus\AppData\Local\openvr\openvrpaths.vrpath
Unable to read VR Path Registry from C:\Users\asus\AppData\Local\openvr\openvrpaths.vrpath
1521805344985	Marionette	INFO	Listening on port 6404
1521805345147	Marionette	WARN	TLS certificate errors will be ignored for this session
Unable to read VR Path Registry from C:\Users\asus\AppData\Local\openvr\openvrpaths.vrpath
1521805478532	geckodriver	INFO	geckodriver 0.18.0
1521805478543	geckodriver	INFO	Listening on 127.0.0.1:6786
1521805480605	geckodriver::marionette	INFO	Starting browser C:\Program Files (x86)\Mozilla Firefox\firefox.exe with args ["-marionette"]
Unable to read VR Path Registry from C:\Users\asus\AppData\Local\openvr\openvrpaths.vrpath
1521805481349	Marionette	INFO	Enabled via --marionette
Unable to read VR Path Registry from C:\Users\asus\AppData\Local\openvr\openvrpaths.vrpath
Unable to read VR Path Registry from C:\Users\asus\AppData\Local\openvr\openvrpaths.vrpath
Unable to read VR Path Registry from C:\Users\asus\AppData\Local\openvr\openvrpaths.vrpath
Unable to read VR Path Registry from C:\Users\asus\AppData\Local\openvr\openvrpaths.vrpath
1521805482667	Marionette	INFO	Listening on port 6796
1521805483720	Marionette	WARN	TLS certificate errors will be ignored for this session
1521806123261	geckodriver	INFO	geckodriver 0.18.0
1521806123271	geckodriver	INFO	Listening on 127.0.0.1:8566
1521806125362	geckodriver::marionette	INFO	Starting browser C:\Program Files (x86)\Mozilla Firefox\firefox.exe with args ["-marionette"]
Unable to read VR Path Registry from C:\Users\asus\AppData\Local\openvr\openvrpaths.vrpath
1521806126137	Marionette	INFO	Enabled via --marionette
Unable to read VR Path Registry from C:\Users\asus\AppData\Local\openvr\openvrpaths.vrpath
Unable to read VR Path Registry from C:\Users\asus\AppData\Local\openvr\openvrpaths.vrpath
Unable to read VR Path Registry from C:\Users\asus\AppData\Local\openvr\openvrpaths.vrpath
Unable to read VR Path Registry from C:\Users\asus\AppData\Local\openvr\openvrpaths.vrpath
1521806127436	Marionette	INFO	Listening on port 8581
1521806128476	Marionette	WARN	TLS certificate errors will be ignored for this session
[Parent 13848, Gecko_IOThread] WARNING: pipe error: 109: file z:/build/build/src/ipc/chromium/src/chrome/common/ipc_channel_win.cc, line 346
[Parent 13848, Gecko_IOThread] WARNING: pipe error: 109: file z:/build/build/src/ipc/chromium/src/chrome/common/ipc_channel_win.cc, line 346
[Child 13208, Chrome_ChildThread] WARNING: pipe error: 109: file z:/build/build/src/ipc/chromium/src/chrome/common/ipc_channel_win.cc, line 346
[Parent 13848, Gecko_IOThread] WARNING: pipe error: 109: file z:/build/build/src/ipc/chromium/src/chrome/common/ipc_channel_win.cc, line 346
[Child 12544, Chrome_ChildThread] WARNING: pipe error: 109: file z:/build/build/src/ipc/chromium/src/chrome/common/ipc_channel_win.cc, line 346
[Child 12544, Chrome_ChildThrea[GPU 8152, Chrome_ChildThread] WARNING: pipe error:
###!!! [Child][MessageChannel::SendAndWait] Error: Channel error: cannot send/recv

or this session
[Parent 7812, Gecko_IOThread] WARNING: pipe error: 109: file z:/build/build/src/ipc/chromium/src/chrome/common/ipc_channel_win.cc, line 346
[Parent 7812, Gecko_IOThread] WARNING: pipe error: 109: file z:/build/build/src/ipc/chromium/src/chrome/common/ipc_channel_win.cc, line 346
[Child 9052, Chrome_ChildThread] WARNING: pipe error: 109: file z:/build/build/src/ipc/chromium/src/chrome/common/ipc_channel_win.cc, line 346
[Child 9052, Chrome_ChildThread][Parent 7812, Gecko_IOThread] WARNING: pipe error: 109: file z:/build/build/src/ipc/chromium/src/chrome/common/ipc_channel_win.cc, line 346
*** UTM:SVC TimerManager:registerTimer called after profile-before-change notification. Ignoring timer registration for id: telemetry_modules_ping

###!!! [Child][MessageChannel::SendAndWait] Error: Channel error: cannot send/recv

nette	WARN	TLS certificate errors will be ignored for this session
[Parent 2368, Gecko_IOThread] WARNING: pipe error: 109: file z:/build/build/src/ipc/chromium/src/chrome/common/ipc_channel_win.cc, line 346
[Child 10176, Chrome_ChildThread] WARNING: pipe error: 109: file z:/build/build/src/ipc/chromium/src/chrome/common/ipc_channel_win.cc, line 346
[Parent 2368, Gecko_IOThread] WARNING: pipe error: 109: file z:/build/build/src/ipc/chromium/src/chrome/common/ipc_channel_win.cc, line 346
[Child 4288, Chrome_ChildThread] WARNING: pipe error: 109: file z:/build/build/src/ipc/chromium/src/chrome/common/ipc_channel_win.cc, line 346
[Child 4288, Chrome_Chil*** UTM:SVC TimerManager:registerTimer called after profile-before-change notification. Ignoring timer registration for id: telemetry_modules_ping
1521808365069	geckodriver	INFO	geckodriver 0.18.0
1521808365080	geckodriver	INFO	Listening on 127.0.0.1:15577
1521808367119	geckodriver::marionette	INFO	Starting browser C:\Program Files (x86)\Mozilla Firefox\firefox.exe with args ["-marionette"]
Unable to read VR Path Registry from C:\Users\asus\AppData\Local\openvr\openvrpaths.vrpath
1521808368645	Marionette	INFO	Enabled via --marionette
Unable to read VR Path Registry from C:\Users\asus\AppData\Local\openvr\openvrpaths.vrpath
Unable to read VR Path Registry from C:\Users\asus\AppData\Local\openvr\openvrpaths.vrpath
Unable to read VR Path Registry from C:\Users\asus\AppData\Local\openvr\openvrpaths.vrpath
Unable to read VR Path Registry from C:\Users\asus\AppData\Local\openvr\openvrpaths.vrpath
1521808370321	Marionette	INFO	Listening on port 15586
1521808370739	Marionette	WARN	TLS certificate errors will be ignored for this session
[Child 7324, Chrome_ChildThread] WARNING: pipe error: 109: file z:/build/build/src/ipc/chromium/src/chrome/common/ipc_channel_win.cc, line 346
[Child 7324, Chrome_ChildThread] WARNING: pipe error: 109: file z:/build/build/src/ipc/chromi[Parent 11756, Gecko_IOThread] WARNING: pipe error: 109: file z:/build/build/src/ipc/chromium/src/chrome/common/ipc_channel_win.cc, line 346
[Child 9192, Chrome_ChildThread] WARNING: pipe error: 109: file z:/build/build/src/ipc/chromium/src/chrome/common/ipc_channel_win.cc, line 346
[Child 9192, Chrome_Ch*** UTM:SVC TimerManager:registerTimer called after profile-before-change notification. Ignoring timer registration for id: telemetry_modules_ping
[GPU 8136, Chrome_ChildThr
###!!! [Child][MessageChannel::SendAndWait] Error: Channel error: cannot send/recv

1521808422623	geckodriver	INFO	geckodriver 0.18.0
1521808422634	geckodriver	INFO	Listening on 127.0.0.1:15735
1521808424699	geckodriver::marionette	INFO	Starting browser C:\Program Files (x86)\Mozilla Firefox\firefox.exe with args ["-marionette"]
Unable to read VR Path Registry from C:\Users\asus\AppData\Local\openvr\openvrpaths.vrpath
1521808425238	Marionette	INFO	Enabled via --marionette
Unable to read VR Path Registry from C:\Users\asus\AppData\Local\openvr\openvrpaths.vrpath
Unable to read VR Path Registry from C:\Users\asus\AppData\Local\openvr\openvrpaths.vrpath
Unable to read VR Path Registry from C:\Users\asus\AppData\Local\openvr\openvrpaths.vrpath
1521808426571	Marionette	INFO	Listening on port 15746
1521808426713	Marionette	WARN	TLS certificate errors will be ignored for this session
Unable to read VR Path Registry from C:\Users\asus\AppData\Local\openvr\openvrpaths.vrpath
[Parent 11520, Gecko_IOThread] WARNING: pipe error: 109: file z:/build/build/src/ipc/chromium/src/chrome/common/ipc_channel_win.cc, line 346
[Child 12628, Chrome_ChildThread] WARNING: pipe error: 109: file z:/build/build/src/ipc/chromium/src/chrome/common/ipc_channel_win.cc, line 346
[Child 12628, Chrome_ChildThr[Parent 11520, Gecko_IOThread] WARNING: pipe error: 109: file z:/build/build/src/ipc/chromium/src/chrome/common/ipc_channel_win.cc, line 346
[Child 5044, Chrome_ChildThread] WARNING: pipe error: 109: file z:/build/build/src/ipc/chromium/src/chrome/common/ipc_channel_win.cc, line 346
[Child 5044, Chrome_ChildThread] WARNING: pipe 
###!!! [Child][MessageChannel::SendAndWait] Error: Channel error: cannot send/recv

79	Marionette	WARN	TLS certificate errors will be ignored for this session
Unable to read VR Path Regist1521808455094	Marionette	INFO	Listening on port 15888
Unable tUnable to read VR Path Registry from C:\Users\asus\AppData\Local\openvr\openvrpaths.vrpath
[Parent 14444, Gecko_IOThread] WARNING: pipe error: 109: file z:/build/build/src/ipc/chromium/src/chrome/common/ipc_channel_win.cc, line 346
[Parent 14476, Gecko_IOThread[Child 17820, Chrome_ChildThread] WARNING: pipe error: 109: file z:/build/build/src/ipc/chromium/src/chrome/commo[Child 15496, Chrome_ChildThread] WARNING: pipe error: 109:
###!!! [Child][MessageChannel::SendAndWait] Error: Channel error: cannot send/recv

d 20072, Chrome_ChildThread] WARNING: pipe error: 109: file z:/build/build/src/ipc/chromium/src/chrome/common/ipc_channel_win.cc, line 346

#
###!!! [Child][MessageChannel::SendAndWait] Error: Channel error: cannot send/recv

ror: cannot send/recv

 send/recv

ING: pipe error
###!!! [Child][MessageChannel::SendAndWait] Error: Channel error: cannot send/recv

46

###!!! [Child][MessageChannel::SendAndWait] Error: Channel error: cannot send/recv

ndAndWait] Error: Channel error: cannot send/recv

e 346
[Child 20144, Chrome_ChildThread] WARNING: pipe error: 109: file z:/build/build/src/ipc/chromium/src/chrome/c
###!!! [Child][MessageChannel::SendAndWait] Error: Channel error: cannot send/recv

r: 109: f
###!!! [Child][MessageChannel::SendAndWait] Error: Channel error: cannot send/recv

1521808622716	geckodriver	INFO	geckodriver 0.18.0
1521808622727	geckodriver	INFO	Listening on 127.0.0.1:17012
1521808624789	geckodriver::marionette	INFO	Starting browser C:\Program Files (x86)\Mozilla Firefox\firefox.exe with args ["-marionette"]
Unable to read VR Path Registry from C:\Users\asus\AppData\Local\openvr\openvrpaths.vrpath
1521808625521	Marionette	INFO	Enabled via --marionette
Unable to read VR Path Registry from C:\Users\asus\AppData\Local\openvr\openvrpaths.vrpath
Unable to read VR Path Registry from C:\Users\asus\AppData\Local\openvr\openvrpaths.vrpath
Unable to read VR Path Registry from C:\Users\asus\AppData\Local\openvr\openvrpaths.vrpath
1521808626974	Marionette	INFO	Listening on port 17020
Unable to read VR Path Registry from C:\Users\asus\AppData\Local\openvr\openvrpaths.vrpath
1521808627907	Marionette	WARN	TLS certificate errors will be ignored for this session
[Child 17596, Chrome_ChildThread] WARNING: pipe error: 109: file z:/build/build/src/ipc/chromium/src/chrome/common/ipc_channel_win.cc, line 346
[Child 17596, Chrome_ChildTh[Parent 20272, Gecko_IOThread] WARNING: pipe error: 109: file z:/build/build/src/ipc/chromium/src/chrome/common/ipc_channel_win.cc, line 346
[Child 17084, Chrome_ChildThread] WARNING: pipe error: 109: file z:/build/build/src/ipc/chromium/src/chrome/common/ipc_channel_win.cc, line 346
[Child 17084, Chrome_Child*** UTM:SVC TimerManager:registerTimer called after profile-before-change notification. Ignoring timer registration for id: telemetry_modules_ping

###!!! [Child][MessageChannel::SendAndWait] Error: Channel error: cannot send/recv

1521808643609	geckodriver	INFO	geckodriver 0.18.0
1521808643618	geckodriver	INFO	Listening on 127.0.0.1:17096
1521808645691	geckodriver::marionette	INFO	Starting browser C:\Program Files (x86)\Mozilla Firefox\firefox.exe with args ["-marionette"]
Unable to read VR Path Registry from C:\Users\asus\AppData\Local\openvr\openvrpaths.vrpath
1521808646268	Marionette	INFO	Enabled via --marionette
Unable to read VR Path Registry from C:\Users\asus\AppData\Local\openvr\openvrpaths.vrpath
Unable to read VR Path Registry from C:\Users\asus\AppData\Local\openvr\openvrpaths.vrpath
Unable to read VR Path Registry from C:\Users\asus\AppData\Local\openvr\openvrpaths.vrpath
1521808647857	Marionette	INFO	Listening on port 17104
Unable to read VR Path Registry from C:\Users\asus\AppData\Local\openvr\openvrpaths.vrpath
1521808648803	Marionette	WARN	TLS certificate errors will be ignored for this session
[Parent 20372, Gecko_IOThread] WARNING: pipe error: 109: file z:/build/build/src/ipc/chromium/src/chrome/common/ipc_channel_win.cc, line 346
1521808653915	geckodriver	INFO	geckodriver 0.18.0
1521808653928	geckodriver	INFO	Listening on 127.0.0.1:17176
1521808656369	geckodriver::marionette	INFO	Starting browser C:\Program Files (x86)\Mozilla Firefox\firefox.exe with args ["-marionette"]
Unable to read VR Path Registry from C:\Users\asus\AppData\Local\openvr\openvrpaths.vrpath
1521808659375	Marionette	INFO	Enabled via --marionette
Unable to read VR Path Registry from C:\Users\asus\AppData\Local\openvr\openvrpaths.vrpath
Unable to read VR Path Registry from C:\Users\asus\AppData\Local\openvr\openvrpaths.vrpath
1521808671110	Marionette	INFO	Listening on port 17250
1521808671188	Marionette	WARN	TLS cer1521808671903	Marionette	INFO	Listening on port 17Unable to read VR Path Registry from C:\Us[Child 21904, Chrome_ChildThread] WARNING: pipe error: 109: file z:/build/build/src/ipc/chromium/src/chrome/common/ipc_channel_win.cc, line 346
[Child 21904, Chrome_ChildThread] WARNING: pipe error: 109: file z:/build/build/src/ipc/c[Parent 4476, Gecko_IOThread] WARNING: pipe error: 232: file z:/build/build/src/ipc/chromium/src/chrome/common/ipc_channel_win.cc, line 513
J[Child 14492, Chrome_ChildThread] WARNING: pipe error: 109: file z:/build/build/src/ipc/chromium/src/chrome/common/ipc_channel_win.cc, line 346
[Child 22232, Chrome_ChildThread] WARNING: pipe error: 109: file z:/build/build/src/ipc/chromium/src/chrome/common/ipc_channel_win.cc, line 34[Parent 13132, Gecko_IOThread] WARNING: pipe error: 109: file z:/build/build/src/ipc/chromium/src/chrome/common/ipc_channel_win.cc, line 346
[Child 15592, Chrome_C[Child 18000, Chrome_ChhildThread] WARNING: pipe error: 109: file z:/build/build/src/ipc/chromium/src/chrome/common/ipc_channel_win.cc, line 346
[Child 15592, Chrome_ChildThre
###!!! [C[GPU 18556, Chrome_ChildThread] WARNING: pipe error: 109: file z:/build/build/src/ipc/chromium/src/c
###!!! [Child][MessageChannel::SendAndWait] Error: Channel error: cannot send/recv

/chromium/src/chrome/common/ipc_channel_win.cc, line 346
eanup) Channel closing: too late to send/recv, messages will be lost


###!!! [Child][RunMessage] Error: Channel closing: too late to send/recv, messages will be lost

[Parent 21024, Gecko_IOThread] WARNING: pipe error: 109: file z:/build/build/src/ipc/chromium/src/chrome/common/ipc_channel_win.cc, line 346

###!!! [Child][MessageChannel::SendAndWait] Error: Channel error: cannot send/recv

ReleaseLayer Processing error: message was deserialized, but the handler returned false (indicating failure)

IPDL protocol error: Handler returned error code!

###!!! [Parent][DispatchAsyncMess
###!!! [Child][MessageChannel::SendAndWait] Error: Channel error: cannot send/recv

ed, but the handler returned false (indicating failure)

IPDL protocol error: Handler returned error code!

###!!! [Parent][DispatchAsyncMessage] Error: PLayerTransaction::Msg_ReleaseLayer Processing error: message was deserialized, but the handler returned false (indicating failure)

IPDL protocol error: Handler returned error code!

###!!! [Parent][DispatchAsyncMessage] Error: PLayerTransaction::Msg_ReleaseLayer Processing error: message was deserialized, but the handler returned false (indicating failure)

IPDL protocol error: Handler returned error code!

###!!! [Parent][DispatchAsyncMessage] Error: PLayerTransaction::Msg_ReleaseLayer Processing error: message was deserialized, but the handler returned false (indicating failure)

[Child 15304, Chrome_ChildThread] WARNING: pipe error: 232: file z:/build/build/src/ipc/chromium/src/chrome/common/ipc_channel_win.cc, line 513
[Child 15304, Chrome_ChildThread] WARNING: pipe error: 109: file z:/build/build/src/ipc/chromium/src/chrome/common/ipc_channel_win.cc, line 346
[Child 15304, Chrome_ChildThread] WARNING: pipe error: 109: fi[Child 19508, Chrome_ChildThread] WARNING: pipe error: 109: file z:/build/build/src/ipc/chromium/src/chrome/common/ipc_channel_win.cc, line 346
[GFX1-]: Receive IPC close with reason=AbnormalShutdown
1521809051164	geckodriver	INFO	geckodriver 0.18.0
1521809051174	geckodriver	INFO	Listening on 127.0.0.1:19084
1521809053240	geckodriver::marionette	INFO	Starting browser C:\Program Files (x86)\Mozilla Firefox\firefox.exe with args ["-marionette"]
Unable to read VR Path Registry from C:\Users\asus\AppData\Local\openvr\openvrpaths.vrpath
1521809054015	Marionette	INFO	Enabled via --marionette
Unable to read VR Path Registry from C:\Users\asus\AppData\Local\openvr\openvrpaths.vrpath
Unable to read VR Path Registry from C:\Users\asus\AppData\Local\openvr\openvrpaths.vrpath
Unable to read VR Path Registry from C:\Users\asus\AppData\Local\openvr\openvrpaths.vrpath
Unable to read VR Path Registry from C:\Users\asus\AppData\Local\openvr\openvrpaths.vrpath
1521809055347	Marionette	INFO	Listening on port 19091
1521809056371	Marionette	WARN	TLS certificate errors will be ignored for this session
[Parent 17020, Gecko_IOThread] WARNING: pipe error: 109: file z:/build/build/src/ipc/chromium/src/chrome/common/ipc_channel_win.cc, line 346
1521809061947	geckodriver	INFO	geckodriver 0.18.0
1521809061964	geckodriver	INFO	Listening on 127.0.0.1:19158
1521809064069	geckodriver::marionette	INFO	Starting browser C:\Program Files (x86)\Mozilla Firefox\firefox.exe with args ["-marionette"]
Unable to read VR Path Registry from C:\Users\asus\AppData\Local\openvr\openvrpaths.vrpath
1521809065786	Marionette	INFO	Enabled via --marionette
Unable to read VR Path Registry from C:\Users\asus\AppData\Local\openvr\openvrpaths.vrpath
Unable to read VR Path Registry from C:\Users\asus\AppData\Local\openvr\openvrpaths.vrpath
Unable to read VR Path Registry from C:\Users\asus\AppData\Local\openvr\openvrpaths.vrpath
[Parent 15272, Gecko_IOThread] WARNING: pipe error: 109: file z:/build/build/src/ipc/chromium/src/chrome/common/ipc_channel_win.cc, line 346
Unable to read VR Path Registry from C:\Users\asus\AppData\Local\openvr\openvrpaths.vrpath
[GFX1-]: Receive IPC close with reason=AbnormalShutdown
[Child 17140, Chrome_ChildThread] WARNING: pipe error: 109: file z:/build/build/src/ipc/chromium/src/chrome/common/ipc_channel_win.cc, line 464
9: file z[GFX1-]: Receive IPC closeJavaScript error: https://assets.imedao.com/ugc/js/raven-dce79f0c18.min.js, line 1: NS_ERROR_NOT_INITIALIZED: 
[Parent 17112, Gecko_IOThread] WARNING: pipe error: 109: file z:/build/build/src/ipc/chromium/src/chrome/common/ipc_channel_win.cc, line 346
[Parent 17112, Gecko_IOThread] WARNING: pipe error: 109: file z:/build/build/src/ipc/chromium/src/chrome/common/ipc_channel_win.cc, line 346
[Parent 17112, Gecko_IOThread] WARNING: pipe error: 109: file z:/build/build/src/ipc/chromium/src/chrome/common/ipc_channel_win.cc, line 346
[Child 18552, Chrome_ChildThread] WARNING: pipe error: 109: file z:/build/build/src/ipc/chromium/src/chrome/common/ipc_channel_win.cc, line 346

###!!! [Child][MessageChannel::SendAndWait] Error: Channel error: cannot send/recv

rpath
Unable to read VR Path Registry from C:\Users\asus\AppData\Local\openvr\openvrpaths.vrpath
Unable to read VR Path Registry from C:\Users\asus\AppData\Local\openvr\openvrpaths.vrpath
1521809610501	Marionette	INFO	Listening on port 20532
1521809610662	Marionette	WARN	TLS certificate errors will be ignored for this session
[Parent 19316, Gecko_IOThread] WARNING: pipe error: 109: file z:/build/build/src/ipc/chromium/src/chrome/common/ipc_channel_win.cc, line 346
1521809615668	geckodriver	INFO	geckodriver 0.18.0
1521809615678	geckodriver	INFO	Listening on 127.0.0.1:20589
1521809617751	geckodriver::marionette	INFO	Starting browser C:\Program Files (x86)\Mozilla Firefox\firefox.exe with args ["-marionette"]
Unable to read VR Path Registry from C:\Users\asus\AppData\Local\openvr\openvrpaths.vrpath
1521809618251	Marionette	INFO	Enabled via --marionette
Unable to read VR Path Registry from C:\Users\asus\AppData\Local\openvr\openvrpaths.vrpath
Unable to read VR Path Registry from C:\Users\asus\AppData\Local\openvr\openvrpaths.vrpath
Unable to read VR Path Registry from C:\Users\asus\AppData\Local\openvr\openvrpaths.vrpath
1521809619432	Marionette	INFO	Listening on port 20595
Unable to read VR Path Registry from C:\Users\asus\AppData\Local\openvr\openvrpaths.vrpath
1521809619880	Marionette	WARN	TLS certificate errors will be ignored for this session
1521812417020	geckodriver	INFO	geckodriver 0.18.0
1521812417029	geckodriver	INFO	Listening on 127.0.0.1:21810
1521812419101	geckodriver::marionette	INFO	Starting browser C:\Program Files (x86)\Mozilla Firefox\firefox.exe with args ["-marionette"]
Unable to read VR Path Registry from C:\Users\asus\AppData\Local\openvr\openvrpaths.vrpath
1521812419804	Marionette	INFO	Enabled via --marionette
Unable to read VR Path Registry from C:\Users\asus\AppData\Local\openvr\openvrpaths.vrpath
Unable to read VR Path Registry from C:\Users\asus\AppData\Local\openvr\openvrpaths.vrpath
Unable to read VR Path Registry from C:\Users\asus\AppData\Local\openvr\openvrpaths.vrpath
Unable to read VR Path Registry from C:\Users\asus\AppData\Local\openvr\openvrpaths.vrpath
1521812421092	Marionette	INFO	Listening on port 21817
1521812421118	Marionette	WARN	TLS certificate errors will be ignored for this session
1521812426968	geckodriver	INFO	geckodriver 0.18.0
1521812426978	geckodriver	INFO	Listening on 127.0.0.1:21877
1521812429051	geckodriver::marionette	INFO	Starting browser C:\Program Files (x86)\Mozilla Firefox\firefox.exe with args ["-marionette"]
Unable to read VR Path Registry from C:\Users\asus\AppData\Local\openvr\openvrpaths.vrpath
1521812429574	Marionette	INFO	Enabled via --marionette
Unable to read VR Path Registry from C:\Users\asus\AppData\Local\openvr\openvrpaths.vrpath
Unable to read VR Path Registry from C:\Users\asus\AppData\Local\openvr\openvrpaths.vrpath
Unable to read VR Path Registry from C:\Users\asus\AppData\Local\openvr\openvrpaths.vrpath
1521812430841	Marionette	INFO	Listening on port 21884
Unable to read VR Path Registry from C:\Users\asus\AppData\Local\openvr\openvrpaths.vrpath
1521812431065	Marionette	WARN	TLS certificate errors will be ignored for this session
[Child 14456, Chrome_ChildThread] WARNING: pipe error: 109: file z:/build/build/src/ipc/chromium/src/chrome/common/ipc_channel_win.cc, line 346
[Child 14456, Chrome_ChildThread] WARNING: pipe err[Child 18136, Chrome_ChildThread] WARNING: pipe error: 109: file z:/build/build/src/ipc/chromium/src/chrome/common/ipc_channel_win.cc, line 346
[Child 18136, Chrome_Child[Parent 12436, Gecko_IOThread] WARNING: pipe error: 109: file z:/build/build/src/ipc/chromium/src/chrome/common/ipc_channel_win.cc, line 346
[Child 11520, Chrome_ChildThread] WARNING: pipe error: 109: file z:/build/build/src/ipc/chromium/src/chrome/common/ipc_channel_win.cc, line 346
*** UTM:SVC TimerManager:registerTimer called after profile-before-change notification. Ignoring timer registration for id: telemetry_modules_ping

###!!! [Child][MessageChannel::SendAndWait] Error: Channel error: cannot send/recv

1521821067201	geckodriver	INFO	geckodriver 0.18.0
1521821067212	geckodriver	INFO	Listening on 127.0.0.1:24538
1521821069293	geckodriver::marionette	INFO	Starting browser C:\Program Files (x86)\Mozilla Firefox\firefox.exe with args ["-marionette"]
Unable to read VR Path Registry from C:\Users\asus\AppData\Local\openvr\openvrpaths.vrpath
1521821070210	Marionette	INFO	Enabled via --marionette
Unable to read VR Path Registry from C:\Users\asus\AppData\Local\openvr\openvrpaths.vrpath
Unable to read VR Path Registry from C:\Users\asus\AppData\Local\openvr\openvrpaths.vrpath
Unable to read VR Path Registry from C:\Users\asus\AppData\Local\openvr\openvrpaths.vrpath
Unable to read VR Path Registry from C:\Users\asus\AppData\Local\openvr\openvrpaths.vrpath
1521821072349	Marionette	INFO	Listening on port 24545
1521821072417	Marionette	WARN	TLS certificate errors will be ignored for this session
[Parent 19016, Gecko_IOThread] WARNING: pipe error: 109: file z:/build/build/src/ipc/chromium/src/chrome/common/ipc_channel_win.cc, line 346
1521821077770	geckodriver	INFO	geckodriver 0.18.0
1521821077782	geckodriver	INFO	Listening on 127.0.0.1:24605
1521821079941	geckodriver::marionette	INFO	Starting browser C:\Program Files (x86)\Mozilla Firefox\firefox.exe with args ["-marionette"]
Unable to read VR Path Registry from C:\Users\asus\AppData\Local\openvr\openvrpaths.vrpath
1521821081558	Marionette	INFO	Enabled via --marionette
Unable to read VR Path Registry from C:\Users\asus\AppData\Local\openvr\openvrpaths.vrpath
Unable to read VR Path Registry from C:\Users\asus\AppData\Local\openvr\openvrpaths.vrpath
1521821087523	Marionette	INFO	Listening on port 24633
1521821088064	Marionette	WARN	TLS cer1521821089092	Marionette	INFO	Listening on port 24Unabl1521821089940	Marionette	WARN	TLS certificate errors will be ignored for this session
Unable to read VR Path Registry from C:\Users\asus\AppData\Local\openvr\openvrpaths.vrpath
[GFX1-]: Receive IPC close with reason=AbnormalShutdown

###!!! [Child][MessageChannel] Error: (msgtype=0x4E0016
###!!! [Child][MessageChannel] Error: (msgtype=0x4E0005,name=PLayerTransaction::Msg_NewCompositable) Channel error: cannot send/recv


###!!! [Child][MessageChannel] Error: (msgtype=0x4E0001,name=PLayerTransaction::Msg_InitReadLocks) Channel error: cannot send/recv


###!!! [Child][MessageChannel] Error: (msgtype=0x4E0007,name=PLayerTransaction::Msg_ReleaseCompositable) Channel error: cannot send/recv


###!!! [Child][MessageChannel] Error: (msgtype=0x4E0006,name=PLayerTransaction::Msg_ReleaseLayer) Channel error: cannot send/recv


###!!! [Child][MessageChannel] Error: (msgtype=0x4E0016,name=PLayerTransaction::Msg_ClearCachedResources) Channel error: cannot send/recv


###!!! [Child][MessageChannel] Error: (msgtype=0x7A0003,name=PTexture::Msg_Destroy) Channel error: cannot send/recv


###!!! [Child][MessageChannel] Error: (msgtype=0x4E0007,name=PLayerTransaction::Msg_ReleaseCompositable) Channel error: cannot send/recv


###!!! [Child][MessageChannel] Error: (msgtype=0x7A0003,name=PTexture::Msg_Destroy) Channel error: cannot send/recv


###!!! [Child][MessageChannel] Error: (msgtype=0x4E0007,name=PLayerTransaction::Msg_ReleaseCompositable) Channel error: cannot send/recv


###!!! [Child][MessageChannel] Error: (msgtype=0x7A0003,name=PTexture::Msg_Destroy) Channel error: cannot send/recv


###!!! [Child][MessageChannel] Error: (msgtype=0x4E0007,name=PLayerTransaction::Msg_ReleaseCompositable) Channel error: cannot send/recv


###!!! [Child][MessageChannel] Error: (msgtype=0x4E0007,name=PLayerTransaction::Msg_ReleaseCompositable) Channel error: cannot send/recv


###!!! [Child][MessageChannel] Error: (msgtype=0x4E0006,name=PLayerTransaction::Msg_ReleaseLayer) Channel error: cannot send/recv


###!!! [Child][MessageChannel] Error: (msgtype=0x4E0006,name=PLayerTransaction::Msg_ReleaseLayer) Channel error: cannot send/recv


###!!! [Child][MessageChannel] Error: (msgtype=0x4E0006,name=PLayerTransaction::Msg_ReleaseLayer) Channel error: cannot send/recv


###!!! [Child][MessageChannel] Error: (msgtype=0x4E0006,name=PLayerTransaction::Msg_ReleaseLayer) Channel error: cannot send/recv


###!!! [Child][MessageChannel] Error: (msgtype=0x4E0006,name=PLayerTransaction::Msg_ReleaseLayer) Channel error: cannot send/recv


###!!! [Child][MessageChannel] Error: (msgtype=0x4E0006,name=PLayerTran[3316, Chrome_ChildThread] WARNING: failed to create pipe: 2: file z:/build/build/src/ipc/chromium/src/chrome/common/ipc_channel_win.cc[21968, Chrome_ChildThread] WARNING: failed to create pipe: 2: file z:/build/build/src/ipc/chromium/src/chrome/common/ipc_channel_win.cc, line 221
[21968, Chrome_ChildThread] WARNING: Unable to create pipe named "9404.27.272337351\1357992256" in client mode.: file z:/build/build/src/ipc/chromium/src/chrome/common/ipc_channel_win.cc, line 59

###!!! [Child][MessageChannel] Error: (msgtype=0xFFF8,name=<unknown IPC msg name>) Closed channel: cannot send/recv

ecv

rTransaction::Msg_Shutdown) Channel error: cannot send/recv


###!!! [Child][MessageChannel::SendAndWait] Error: (msgtype=0x280016,name=PCompositorBridge::Msg_WillClose) Channel error: cannot send/recv

[GFX1-]: Receive IPC close with reason=AbnormalShutdown
[16372, Chrome_ChildThread] WARNING: failed to create pipe: 2: file z:/build/build/src/ipc/chromium/src/chrome/common/ipc_channel_win.cc, line 221
[16372, Chrome_ChildThread] WARNING: Unable to create pipe named "20864.27.1751974647\1841877965" in client mode.: file z:/build/build/src/ipc/chromium/src/chrome/common/ipc_channel_win.cc, line 59

###!!! [Child][MessageChannel] Error: (msgtype=0xFFF8,name=<unknown IPC msg name>) Closed channel: cannot send/recv

1521821883571	geckodriver	INFO	geckodriver 0.18.0
1521821883581	geckodriver	INFO	Listening on 127.0.0.1:25984
1521821885674	geckodriver::marionette	INFO	Starting browser C:\Program Files (x86)\Mozilla Firefox\firefox.exe with args ["-marionette"]
Unable to read VR Path Registry from C:\Users\asus\AppData\Local\openvr\openvrpaths.vrpath
1521821886336	Marionette	INFO	Enabled via --marionette
Unable to read VR Path Registry from C:\Users\asus\AppData\Local\openvr\openvrpaths.vrpath
Unable to read VR Path Registry from C:\Users\asus\AppData\Local\openvr\openvrpaths.vrpath
Unable to read VR Path Registry from C:\Users\asus\AppData\Local\openvr\openvrpaths.vrpath
1521821887724	Marionette	INFO	Listening on port 25990
Unable to read VR Path Registry from C:\Users\asus\AppData\Local\openvr\openvrpaths.vrpath
1521821888792	Marionette	WARN	TLS certificate errors will be ignored for this session
[Parent 14444, Gecko_IOThread] WARNING: pipe error: 109: file z:/build/build/src/ipc/chromium/src/chrome/common/ipc_channel_win.cc, line 346
1521821894626	geckodriver	INFO	geckodriver 0.18.0
1521821894638	geckodriver	INFO	Listening on 127.0.0.1:26052
1521821896960	geckodriver::marionette	INFO	Starting browser C:\Program Files (x86)\Mozilla Firefox\firefox.exe with args ["-marionette"]
Unable to read VR Path Registry from C:\Users\asus\AppData\Local\openvr\openvrpaths.vrpath
1521821898843	Marionette	INFO	Enabled via --marionette
Unable to read VR Path Registry from C:\Users\asus\AppData\Local\openvr\openvrpaths.vrpath
Unable to read VR Path Registry from C:\Users\asus\AppData\Local\openvr\openvrpaths.vrpath
Unable to read VR Path Registry from C:\Users\asus\AppData\Local\openvr\openvrpaths.vrpath
1521821905547	Marionette	INFO	Listening on port 26086
1521821905903	Marionette	WARN	TLS certificate errors will be ignored for this session
Unable to read VR Path Registry from C:\Users\asus\AppData\Local\openvr\openvrpaths.vrpath
1521822422038	geckodriver	INFO	geckodriver 0.18.0
1521822422049	geckodriver	INFO	Listening on 127.0.0.1:27189
1521822434851	geckodriver	INFO	geckodriver 0.18.0
1521822434860	geckodriver	INFO	Listening on 127.0.0.1:27207
1521822436935	geckodriver::marionette	INFO	Starting browser C:\Program Files (x86)\Mozilla Firefox\firefox.exe with args ["-marionette"]
Unable to read VR Path Registry from C:\Users\asus\AppData\Local\openvr\openvrpaths.vrpath
1521822437749	Marionette	INFO	Enabled via --marionette
Unable to read VR Path Registry from C:\Users\asus\AppData\Local\openvr\openvrpaths.vrpath
Unable to read VR Path Registry from C:\Users\asus\AppData\Local\openvr\openvrpaths.vrpath
Unable to read VR Path Registry from C:\Users\asus\AppData\Local\openvr\openvrpaths.vrpath
Unable to read VR Path Registry from C:\Users\asus\AppData\Local\openvr\openvrpaths.vrpath
1521822439285	Marionette	INFO	Listening on port 27216
1521822440049	Marionette	WARN	TLS certificate errors will be ignored for this session
1521822445840	geckodriver	INFO	geckodriver 0.18.0
1521822445854	geckodriver	INFO	Listening on 127.0.0.1:27292
1521822447949	geckodriver::marionette	INFO	Starting browser C:\Program Files (x86)\Mozilla Firefox\firefox.exe with args ["-marionette"]
Unable to read VR Path Registry from C:\Users\asus\AppData\Local\openvr\openvrpaths.vrpath
1521822454287	Marionette	INFO	Enabled via --marionette
Unable to read VR Path Registry from C:\Users\asus\AppData\Local\openvr\openvrpaths.vrpath
Unable to read VR Path Registry from C:\Users\asus\AppData\Local\openvr\openvrpaths.vrpath
Unable to read VR Path Registry from C:\Users\asus\AppData\Local\openvr\openvrpaths.vrpath
Unable to read VR Path Registry from C:\Users\asus\AppData\Local\openvr\openvrpaths.vrpath
1521822461789	Marionette	INFO	Listening on port 27322
1521822462365	Marionette	WARN	TLS certificate errors will be ignored for this session
1521824653215	geckodriver	INFO	geckodriver 0.18.0
1521824653224	geckodriver	INFO	Listening on 127.0.0.1:29600
1521824655324	geckodriver::marionette	INFO	Starting browser C:\Program Files (x86)\Mozilla Firefox\firefox.exe with args ["-marionette"]
Unable to read VR Path Registry from C:\Users\asus\AppData\Local\openvr\openvrpaths.vrpath
1521824655931	Marionette	INFO	Enabled via --marionette
Unable to read VR Path Registry from C:\Users\asus\AppData\Local\openvr\openvrpaths.vrpath
Unable to read VR Path Registry from C:\Users\asus\AppData\Local\openvr\openvrpaths.vrpath
Unable to read VR Path Registry from C:\Users\asus\AppData\Local\openvr\openvrpaths.vrpath
Unable to read VR Path Registry from C:\Users\asus\AppData\Local\openvr\openvrpaths.vrpath
1521824657556	Marionette	INFO	Listening on port 29607
1521824658444	Marionette	WARN	TLS certificate errors will be ignored for this session
JavaScript error: https://ss1.bdstatic.com/5eN1bjq8AAUYm2zgoY3K/r/www/cache/static/protocol/https/plugins/every_cookie_4644b13.js, line 4: ReferenceError: c is not defined
[Child 14504, Chrome_ChildThread] WARNING: pipe error: 109: file z:/build/build/src/ipc/chromium/src/chrome/common/ipc_channel_win.cc, line 346
[Child 14504, Chrome_ChildThread] WARNIN[Child 15884, Chrome_ChildThread] WARNING: pipe error: 109: file z:/build/build/src/ipc/chromium/src/chrome/common/ipc_channel_win.cc, line 346
[Child 15884, Chrome_ChildThread] WARNIN[Parent 19856, Gecko_IOThread] WARNING: pipe error: 109: file z:/build/build/src/ipc/chromium/src/chrome/common/ipc_channel_win.cc, line 346
*** UTM:SVC TimerManager:registerTimer called after profile-before-change notification. Ignoring timer registration for id: telemetry_modules_ping
[GPU 15844, Chrome_ChildThread] WARNING: pipe error: 109: file z:/build/build/src/ipc/chromium/src/chrome/common/ipc_channel_win.cc, line 346

###!!! [Child][MessageChannel::SendAndWait] Error: Channel error: cannot send/recv

1521824762148	geckodriver	INFO	geckodriver 0.18.0
1521824762159	geckodriver	INFO	Listening on 127.0.0.1:29875
1521824764243	geckodriver::marionette	INFO	Starting browser C:\Program Files (x86)\Mozilla Firefox\firefox.exe with args ["-marionette"]
Unable to read VR Path Registry from C:\Users\asus\AppData\Local\openvr\openvrpaths.vrpath
1521824764840	Marionette	INFO	Enabled via --marionette
Unable to read VR Path Registry from C:\Users\asus\AppData\Local\openvr\openvrpaths.vrpath
Unable to read VR Path Registry from C:\Users\asus\AppData\Local\openvr\openvrpaths.vrpath
Unable to read VR Path Registry from C:\Users\asus\AppData\Local\openvr\openvrpaths.vrpath
Unable to read VR Path Registry from C:\Users\asus\AppData\Local\openvr\openvrpaths.vrpath
1521824766319	Marionette	INFO	Listening on port 29881
1521824767363	Marionette	WARN	TLS certificate errors will be ignored for this session
JavaScript error: https://ss1.bdstatic.com/5eN1bjq8AAUYm2zgoY3K/r/www/cache/static/protocol/https/plugins/every_cookie_4644b13.js, line 4: ReferenceError: c is not defined
[Parent 21736, Gecko_IOThread] WARNING: pipe error: 109: file z:/build/build/src/ipc/chromium/src/chrome/common/ipc_channel_win.cc, line 346
[Child 4508, Chrome_ChildThread] WARNING: pipe error: 109: file z:/build/build/src/ipc/chromium/src/chrome/common/ipc_channel_win.cc, line 346
[Child 4508, Chrome_ChildThr[Child 4764, Chrome_ChildThread] WARNING: pipe error: 109: file z:/build/build/src/ipc/chromium/src/chrome/common/ipc_channel_win.cc, line 346
*** UTM:SVC TimerManager:registerTimer called after profile-before-change notification. Ignoring timer registration for id: telemetry_modules_ping

###!!! [Child][MessageChannel::SendAndWait] Error: Channel error: cannot send/recv

1521824827192	geckodriver	INFO	geckodriver 0.18.0
1521824827202	geckodriver	INFO	Listening on 127.0.0.1:30078
1521824829302	geckodriver::marionette	INFO	Starting browser C:\Program Files (x86)\Mozilla Firefox\firefox.exe with args ["-marionette"]
Unable to read VR Path Registry from C:\Users\asus\AppData\Local\openvr\openvrpaths.vrpath
1521824829923	Marionette	INFO	Enabled via --marionette
Unable to read VR Path Registry from C:\Users\asus\AppData\Local\openvr\openvrpaths.vrpath
Unable to read VR Path Registry from C:\Users\asus\AppData\Local\openvr\openvrpaths.vrpath
Unable to read VR Path Registry from C:\Users\asus\AppData\Local\openvr\openvrpaths.vrpath
1521824831340	Marionette	INFO	Listening on port 30089
Unable to read VR Path Registry from C:\Users\asus\AppData\Local\openvr\openvrpaths.vrpath
1521824832424	Marionette	WARN	TLS certificate errors will be ignored for this session
JavaScript error: https://ss1.bdstatic.com/5eN1bjq8AAUYm2zgoY3K/r/www/cache/static/protocol/https/plugins/every_cookie_4644b13.js, line 4: ReferenceError: c is not defined
[Child 18748, Chrome_ChildThread] WARNING: pipe error: 109: file z:/build/build/src/ipc/chromium/src/chrome/common/ipc_channel_win.cc, line 346
[Child 18748, Chrome_ChildThread] W[Child 15988, Chrome_ChildThread] WARNING: pipe error: 109: file z:/build/build/src/ipc/chromium/src/chrome/common/ipc_channel_win.cc, line 346
[Child 15988, Chrome_ChildThr[Child 19168, Chrome_ChildThread] WARNING: pipe error: 109: file z:/build/build/src/ipc/chromium/src/chrome/common/ipc_channel_win.cc, line 346
[Child 19168, Chrome_ChildT*** UTM:SVC TimerManager:registerTimer called after profile-before-change notification. Ignoring timer registration for id: telemetry_modules_ping

###!!! [Child][MessageChannel::SendAndWait] Error: Channel error: cannot send/recv

1521824892704	geckodriver	INFO	geckodriver 0.18.0
1521824892715	geckodriver	INFO	Listening on 127.0.0.1:30277
1521824894810	geckodriver::marionette	INFO	Starting browser C:\Program Files (x86)\Mozilla Firefox\firefox.exe with args ["-marionette"]
Unable to read VR Path Registry from C:\Users\asus\AppData\Local\openvr\openvrpaths.vrpath
1521824895428	Marionette	INFO	Enabled via --marionette
Unable to read VR Path Registry from C:\Users\asus\AppData\Local\openvr\openvrpaths.vrpath
Unable to read VR Path Registry from C:\Users\asus\AppData\Local\openvr\openvrpaths.vrpath
Unable to read VR Path Registry from C:\Users\asus\AppData\Local\openvr\openvrpaths.vrpath
Unable to read VR Path Registry from C:\Users\asus\AppData\Local\openvr\openvrpaths.vrpath
1521824896831	Marionette	INFO	Listening on port 30285
1521824897932	Marionette	WARN	TLS certificate errors will be ignored for this session
JavaScript error: https://ss1.bdstatic.com/5eN1bjq8AAUYm2zgoY3K/r/www/cache/static/protocol/https/plugins/every_cookie_4644b13.js, line 4: ReferenceError: c is not defined
[Child 17876, Chrome_ChildThread] WARNING: pipe error: 109: file z:/build/build/src/ipc/chromium/src/chrome/common/ipc_channel_win.cc, line 346
[Child 17876, Chrome_ChildThread][Parent 15900, Gecko_IOThread] WARNING: pipe error: 109: file z:/build/build/src/ipc/chromium/src/chrome/common/ipc_channel_win.cc, line 346
*** UTM:SVC TimerManager:registerTimer called after profile-before-change notification. Ignoring timer registration for id: telemetry_modules_ping

###!!! [Child][MessageChannel::SendAndWait] Error: Channel error: cannot send/recv

1521824956771	geckodriver	INFO	geckodriver 0.18.0
1521824956782	geckodriver	INFO	Listening on 127.0.0.1:30604
1521824958888	geckodriver::marionette	INFO	Starting browser C:\Program Files (x86)\Mozilla Firefox\firefox.exe with args ["-marionette"]
Unable to read VR Path Registry from C:\Users\asus\AppData\Local\openvr\openvrpaths.vrpath
1521824959559	Marionette	INFO	Enabled via --marionette
Unable to read VR Path Registry from C:\Users\asus\AppData\Local\openvr\openvrpaths.vrpath
Unable to read VR Path Registry from C:\Users\asus\AppData\Local\openvr\openvrpaths.vrpath
Unable to read VR Path Registry from C:\Users\asus\AppData\Local\openvr\openvrpaths.vrpath
Unable to read VR Path Registry from C:\Users\asus\AppData\Local\openvr\openvrpaths.vrpath
1521824961026	Marionette	INFO	Listening on port 30612
1521824962005	Marionette	WARN	TLS certificate errors will be ignored for this session
JavaScript error: https://ss1.bdstatic.com/5eN1bjq8AAUYm2zgoY3K/r/www/cache/static/protocol/https/plugins/every_cookie_4644b13.js, line 4: ReferenceError: c is not defined
[Parent 9244, Gecko_IOThread] WARNING: pipe error: 109: file z:/build/build/src/ipc/chromium/src/chrome/common/ipc_channel_win.cc, line 346
[Child 2096, Chrome_ChildThread] WARNING: pipe error: 109: file z:/build/build/src/ipc/chromium/src/chrome/common/ipc_channel_win.cc, line 346
[Child 2096, Chrome_ChildThread] WARNING: pipe error: *** UTM:SVC TimerManager:registerTimer called after profile-before-change notification. Ignoring timer registration for id: telemetry_modules_ping
[GPU 17428, Chrome_ChildThread] 
###!!! [Child][MessageChannel::SendAndWait] Error: Channel error: cannot send/recv

1521825452607	geckodriver	INFO	geckodriver 0.18.0
1521825452618	geckodriver	INFO	Listening on 127.0.0.1:31078
1521825454706	geckodriver::marionette	INFO	Starting browser C:\Program Files (x86)\Mozilla Firefox\firefox.exe with args ["-marionette"]
Unable to read VR Path Registry from C:\Users\asus\AppData\Local\openvr\openvrpaths.vrpath
1521825455322	Marionette	INFO	Enabled via --marionette
Unable to read VR Path Registry from C:\Users\asus\AppData\Local\openvr\openvrpaths.vrpath
Unable to read VR Path Registry from C:\Users\asus\AppData\Local\openvr\openvrpaths.vrpath
Unable to read VR Path Registry from C:\Users\asus\AppData\Local\openvr\openvrpaths.vrpath
Unable to read VR Path Registry from C:\Users\asus\AppData\Local\openvr\openvrpaths.vrpath
1521825456689	Marionette	INFO	Listening on port 31086
1521825456717	Marionette	WARN	TLS certificate errors will be ignored for this session
1521825487950	geckodriver	INFO	geckodriver 0.18.0
1521825487960	geckodriver	INFO	Listening on 127.0.0.1:31151
1521825490048	geckodriver::marionette	INFO	Starting browser C:\Program Files (x86)\Mozilla Firefox\firefox.exe with args ["-marionette"]
Unable to read VR Path Registry from C:\Users\asus\AppData\Local\openvr\openvrpaths.vrpath
1521825490622	Marionette	INFO	Enabled via --marionette
Unable to read VR Path Registry from C:\Users\asus\AppData\Local\openvr\openvrpaths.vrpath
Unable to read VR Path Registry from C:\Users\asus\AppData\Local\openvr\openvrpaths.vrpath
Unable to read VR Path Registry from C:\Users\asus\AppData\Local\openvr\openvrpaths.vrpath
Unable to read VR Path Registry from C:\Users\asus\AppData\Local\openvr\openvrpaths.vrpath
1521825491952	Marionette	INFO	Listening on port 31159
1521825492065	Marionette	WARN	TLS certificate errors will be ignored for this session
1521825496924	geckodriver	INFO	geckodriver 0.18.0
1521825496935	geckodriver	INFO	Listening on 127.0.0.1:31218
1521825499073	geckodriver::marionette	INFO	Starting browser C:\Program Files (x86)\Mozilla Firefox\firefox.exe with args ["-marionette"]
Unable to read VR Path Registry from C:\Users\asus\AppData\Local\openvr\openvrpaths.vrpath
1521825500182	Marionette	INFO	Enabled via --marionette
Unable to read VR Path Registry from C:\Users\asus\AppData\Local\openvr\openvrpaths.vrpath
Unable to read VR Path Registry from C:\Users\asus\AppData\Local\openvr\openvrpaths.vrpath
Unable to read VR Path Registry from C:\Users\asus\AppData\Local\openvr\openvrpaths.vrpath
Unable to read VR Path Registry from C:\Users\asus\AppData\Local\openvr\openvrpaths.vrpath
1521825506516	Marionette	INFO	Listening on port 31245
1521825506702	Marionette	WARN	TLS certificate errors will be ignored for this session
[Parent 14424, Gecko_IOThread] WARNING: pipe error: 109: file z:/build/build/src/ipc/chromium/src/chrome/common/ipc_channel_win.cc, line 346
[Parent 14424, Gecko_IOThread] WARNING: pipe error: 109: file z:/build/build/src/ipc/chromium/src/chrome/common/ipc_channel_win.cc, line 346
[Child 15536, Chrome_ChildThread] WARNING: pipe error: 109: file z:/build/build/src/ipc/chromium/src/chrome/common/ipc_channel_win.cc, line 346
[Child 15536, Chrome_ChildThread][Child 15268, Chrome_ChildThread] WARNING: pipe error: 109: file z:/build/build/src/ipc/chromium/src/chrome/common/ipc_channel_win.cc, line 346
[Child 15268, Chrome_ChildThread] WARNING: pipe error: 109: [GPU 18240, Chrom
###!!! [Child][MessageChannel::SendAndWait] Error: Channel error: cannot send/recv

action::Msg_ReleaseCompositable) Channel error: cannot send/recv


###!!! [Child][MessageChannel] Error: (msgtype=0x7A0003,name=PTexture::Msg_Destroy) Channel error: cannot send/recv


###!!! [Child][MessageChannel] Error: (msgtype=0x4E0007,name=PLayerTransaction::Msg_ReleaseCompositable) Channel error: cannot send/recv


###!!! [Child][MessageChannel] Error: (msgtype=0x4E0007,name=PLayerTransaction::Msg_ReleaseCompositable) Channel error: cannot send/recv


###!!! [Child][MessageChannel] Error: (msgtype=0x4E0006,name=PLayerTransaction::Msg_ReleaseLayer) Channel error: cannot send/recv


###!!! [Child][MessageChannel] Error: (msgtype=0x4E0006,name=PLayerTransaction::Msg_ReleaseLayer) Channel error: cannot send/recv


###!!! [Child][MessageChannel] Error: (msgtype=0x4E0006,name=PLayerTransaction::Msg_ReleaseLayer) Channel error: cannot send/recv


###!!! [Child][MessageChannel] Error: (msgtype=0x4E0006,name=PLayerTransaction::Msg_ReleaseLayer) Channel error: cannot send/recv


###!!! [Child][MessageChannel] Error: (msgtype=0x4E0006,name=PLayerTransaction::Msg_ReleaseLayer) Channel error: cannot send/recv


###!!! [Child][MessageChannel] Error: (msgtype=0x4E0006,name=PLayerTransaction::Msg_ReleaseLayer) Channel error: cannot send/recv


###!!! [Child][MessageChannel] Error: (msgtype=0x4E0006,name=PLayerTransaction::Msg_ReleaseLayer) Channel error: cannot send/recv


###!!! [Child][MessageChannel] Error: (msgtype=0x4E0006,name=PLayerTransaction::Msg_ReleaseLayer) Channel error: cannot send/recv


###!!! [Child][MessageChannel] Error: (msgtype=0x4E0006,name=PLayerTransaction::Msg_ReleaseLayer) Channel error: cannot send/recv


###!!! [Child][MessageChannel] Error: (msgtype=0x4E001F,name=PLayerTransaction::Msg_Shutdown) Channel error: cannot send/recv


###!!! [Child][MessageChannel::SendAndWait] Error: (msgtype=0x280016,name=PCompositorBridge::Msg_WillClose) Channel error: cannot send/recv

Unable to read VR Path Registry from C:\Users\asus\AppData\Local\openvr\openvrpaths.vrpath
1523359983957	geckodriver	INFO	geckodriver 0.18.0
1523359983970	geckodriver	INFO	Listening on 127.0.0.1:59273
1523359986129	geckodriver::marionette	INFO	Starting browser C:\Program Files (x86)\Mozilla Firefox\firefox.exe with args ["-marionette"]
Unable to read VR Path Registry from C:\Users\asus\AppData\Local\openvr\openvrpaths.vrpath
1523359987915	Marionette	INFO	Enabled via --marionette
Unable to read VR Path Registry from C:\Users\asus\AppData\Local\openvr\openvrpaths.vrpath
Unable to read VR Path Registry from C:\Users\asus\AppData\Local\openvr\openvrpaths.vrpath
Unable to read VR Path Registry from C:\Users\asus\AppData\Local\openvr\openvrpaths.vrpath
Unable to read VR Path Registry from C:\Users\asus\AppData\Local\openvr\openvrpaths.vrpath
1523359992065	Marionette	INFO	Listening on port 59282
1523359992366	Marionette	WARN	TLS certificate errors will be ignored for this session
[Parent 16412, Gecko_IOThread] WARNING: pipe error: 109: file z:/build/build/src/ipc/chromium/src/chrome/common/ipc_channel_win.cc, line 346
*** UTM:SVC TimerManager:registerTimer called after profile-before-change notification. Ignoring timer registration for id: telemetry_modules_ping

###!!! [Child][MessageChannel::SendAndWait] Error: Channel error: cannot send/recv

1523360175655	geckodriver	INFO	geckodriver 0.18.0
1523360175668	geckodriver	INFO	Listening on 127.0.0.1:59626
1523360177748	geckodriver::marionette	INFO	Starting browser C:\Program Files (x86)\Mozilla Firefox\firefox.exe with args ["-marionette"]
Unable to read VR Path Registry from C:\Users\asus\AppData\Local\openvr\openvrpaths.vrpath
1523360178612	Marionette	INFO	Enabled via --marionette
Unable to read VR Path Registry from C:\Users\asus\AppData\Local\openvr\openvrpaths.vrpath
Unable to read VR Path Registry from C:\Users\asus\AppData\Local\openvr\openvrpaths.vrpath
Unable to read VR Path Registry from C:\Users\asus\AppData\Local\openvr\openvrpaths.vrpath
Unable to read VR Path Registry from C:\Users\asus\AppData\Local\openvr\openvrpaths.vrpath
1523360180418	Marionette	INFO	Listening on port 59634
1523360180877	Marionette	WARN	TLS certificate errors will be ignored for this session
[Parent 6724, Gecko_IOThread] WARNING: pipe error: 109: file z:/build/build/src/ipc/chromium/src/chrome/common/ipc_channel_win.cc, line 346
[Parent 6724, Gecko_IOThread] WARNING: pipe error: 109: file z:/build/build/src/ipc/chromium/src/chrome/common/ipc_channel_win.cc, line 346
[Child 3512, Chrome_ChildThread] WARNING: pipe error: 109: file z:/build/build/src/ipc/chromium/src/chrome/common/ipc_channel_win.cc, line 346
*** UTM:SVC TimerManager:registerTimer called after profile-before-change notification. Ignoring timer registration for id: telemetry_modules_ping

###!!! [Child][MessageChannel::SendAndWait] Error: Channel error: cannot send/recv

